You're accessing the development server over HTTPS, but it only supports HTTP.
You're accessing the development server over HTTPS, but it only supports HTTP.
You're accessing the development server over HTTPS, but it only supports HTTP.
You're accessing the development server over HTTPS, but it only supports HTTP.
You're accessing the development server over HTTPS, but it only supports HTTP.
You're accessing the development server over HTTPS, but it only supports HTTP.
You're accessing the development server over HTTPS, but it only supports HTTP.
You're accessing the development server over HTTPS, but it only supports HTTP.
You're accessing the development server over HTTPS, but it only supports HTTP.
You're accessing the development server over HTTPS, but it only supports HTTP.
You're accessing the development server over HTTPS, but it only supports HTTP.
You're accessing the development server over HTTPS, but it only supports HTTP.
You're accessing the development server over HTTPS, but it only supports HTTP.
You're accessing the development server over HTTPS, but it only supports HTTP.
You're accessing the development server over HTTPS, but it only supports HTTP.
You're accessing the development server over HTTPS, but it only supports HTTP.
You're accessing the development server over HTTPS, but it only supports HTTP.
You're accessing the development server over HTTPS, but it only supports HTTP.
You're accessing the development server over HTTPS, but it only supports HTTP.
You're accessing the development server over HTTPS, but it only supports HTTP.
You're accessing the development server over HTTPS, but it only supports HTTP.
You're accessing the development server over HTTPS, but it only supports HTTP.
You're accessing the development server over HTTPS, but it only supports HTTP.
You're accessing the development server over HTTPS, but it only supports HTTP.
You're accessing the development server over HTTPS, but it only supports HTTP.
You're accessing the development server over HTTPS, but it only supports HTTP.
You're accessing the development server over HTTPS, but it only supports HTTP.
You're accessing the development server over HTTPS, but it only supports HTTP.
You're accessing the development server over HTTPS, but it only supports HTTP.
You're accessing the development server over HTTPS, but it only supports HTTP.
You're accessing the development server over HTTPS, but it only supports HTTP.
You're accessing the development server over HTTPS, but it only supports HTTP.
You're accessing the development server over HTTPS, but it only supports HTTP.
You're accessing the development server over HTTPS, but it only supports HTTP.
You're accessing the development server over HTTPS, but it only supports HTTP.
You're accessing the development server over HTTPS, but it only supports HTTP.
You're accessing the development server over HTTPS, but it only supports HTTP.
You're accessing the development server over HTTPS, but it only supports HTTP.
You're accessing the development server over HTTPS, but it only supports HTTP.
You're accessing the development server over HTTPS, but it only supports HTTP.
You're accessing the development server over HTTPS, but it only supports HTTP.
You're accessing the development server over HTTPS, but it only supports HTTP.
You're accessing the development server over HTTPS, but it only supports HTTP.
You're accessing the development server over HTTPS, but it only supports HTTP.
You're accessing the development server over HTTPS, but it only supports HTTP.
You're accessing the development server over HTTPS, but it only supports HTTP.
You're accessing the development server over HTTPS, but it only supports HTTP.
You're accessing the development server over HTTPS, but it only supports HTTP.
You're accessing the development server over HTTPS, but it only supports HTTP.
You're accessing the development server over HTTPS, but it only supports HTTP.
You're accessing the development server over HTTPS, but it only supports HTTP.
You're accessing the development server over HTTPS, but it only supports HTTP.
You're accessing the development server over HTTPS, but it only supports HTTP.
You're accessing the development server over HTTPS, but it only supports HTTP.
You're accessing the development server over HTTPS, but it only supports HTTP.
You're accessing the development server over HTTPS, but it only supports HTTP.
You're accessing the development server over HTTPS, but it only supports HTTP.
You're accessing the development server over HTTPS, but it only supports HTTP.
You're accessing the development server over HTTPS, but it only supports HTTP.
You're accessing the development server over HTTPS, but it only supports HTTP.
You're accessing the development server over HTTPS, but it only supports HTTP.
You're accessing the development server over HTTPS, but it only supports HTTP.
You're accessing the development server over HTTPS, but it only supports HTTP.
You're accessing the development server over HTTPS, but it only supports HTTP.
Internal Server Error: /virtual-company/create/
Traceback (most recent call last):
  File "D:\TeknoFest Proje\FinAsis\venv\Lib\site-packages\django\core\handlers\exception.py", line 55, in inner
    response = get_response(request)
  File "D:\TeknoFest Proje\FinAsis\venv\Lib\site-packages\django\core\handlers\base.py", line 197, in _get_response
    response = wrapped_callback(request, *callback_args, **callback_kwargs)
  File "D:\TeknoFest Proje\FinAsis\venv\Lib\site-packages\django\contrib\auth\decorators.py", line 23, in _wrapper_view
    return view_func(request, *args, **kwargs)
  File "D:\TeknoFest Proje\FinAsis\virtual_company\views.py", line 10, in create_company
    return render(request, 'virtual_company/create_company.html')
  File "D:\TeknoFest Proje\FinAsis\venv\Lib\site-packages\django\shortcuts.py", line 25, in render
    content = loader.render_to_string(template_name, context, request, using=using)
  File "D:\TeknoFest Proje\FinAsis\venv\Lib\site-packages\django\template\loader.py", line 62, in render_to_string
    return template.render(context, request)
           ~~~~~~~~~~~~~~~^^^^^^^^^^^^^^^^^^
  File "D:\TeknoFest Proje\FinAsis\venv\Lib\site-packages\django\template\backends\django.py", line 61, in render
    return self.template.render(context)
           ~~~~~~~~~~~~~~~~~~~~^^^^^^^^^
  File "D:\TeknoFest Proje\FinAsis\venv\Lib\site-packages\django\template\base.py", line 171, in render
    return self._render(context)
           ~~~~~~~~~~~~^^^^^^^^^
  File "D:\TeknoFest Proje\FinAsis\venv\Lib\site-packages\django\template\base.py", line 163, in _render
    return self.nodelist.render(context)
           ~~~~~~~~~~~~~~~~~~~~^^^^^^^^^
  File "D:\TeknoFest Proje\FinAsis\venv\Lib\site-packages\django\template\base.py", line 1000, in render
    return SafeString("".join([node.render_annotated(context) for node in self]))
                               ~~~~~~~~~~~~~~~~~~~~~^^^^^^^^^
  File "D:\TeknoFest Proje\FinAsis\venv\Lib\site-packages\django\template\base.py", line 961, in render_annotated
    return self.render(context)
           ~~~~~~~~~~~^^^^^^^^^
  File "D:\TeknoFest Proje\FinAsis\venv\Lib\site-packages\django\template\loader_tags.py", line 159, in render
    return compiled_parent._render(context)
           ~~~~~~~~~~~~~~~~~~~~~~~^^^^^^^^^
  File "D:\TeknoFest Proje\FinAsis\venv\Lib\site-packages\django\template\base.py", line 163, in _render
    return self.nodelist.render(context)
           ~~~~~~~~~~~~~~~~~~~~^^^^^^^^^
  File "D:\TeknoFest Proje\FinAsis\venv\Lib\site-packages\django\template\base.py", line 1000, in render
    return SafeString("".join([node.render_annotated(context) for node in self]))
                               ~~~~~~~~~~~~~~~~~~~~~^^^^^^^^^
  File "D:\TeknoFest Proje\FinAsis\venv\Lib\site-packages\django\template\base.py", line 961, in render_annotated
    return self.render(context)
           ~~~~~~~~~~~^^^^^^^^^
  File "D:\TeknoFest Proje\FinAsis\venv\Lib\site-packages\django\template\loader_tags.py", line 65, in render
    result = block.nodelist.render(context)
  File "D:\TeknoFest Proje\FinAsis\venv\Lib\site-packages\django\template\base.py", line 1000, in render
    return SafeString("".join([node.render_annotated(context) for node in self]))
                               ~~~~~~~~~~~~~~~~~~~~~^^^^^^^^^
  File "D:\TeknoFest Proje\FinAsis\venv\Lib\site-packages\django\template\base.py", line 961, in render_annotated
    return self.render(context)
           ~~~~~~~~~~~^^^^^^^^^
  File "D:\TeknoFest Proje\FinAsis\venv\Lib\site-packages\django\template\defaulttags.py", line 479, in render
    url = reverse(view_name, args=args, kwargs=kwargs, current_app=current_app)
  File "D:\TeknoFest Proje\FinAsis\venv\Lib\site-packages\django\urls\base.py", line 88, in reverse
    return resolver._reverse_with_prefix(view, prefix, *args, **kwargs)
           ~~~~~~~~~~~~~~~~~~~~~~~~~~~~~^^^^^^^^^^^^^^^^^^^^^^^^^^^^^^^
  File "D:\TeknoFest Proje\FinAsis\venv\Lib\site-packages\django\urls\resolvers.py", line 851, in _reverse_with_prefix
    raise NoReverseMatch(msg)
django.urls.exceptions.NoReverseMatch: Reverse for 'company_home' not found. 'company_home' is not a valid view function or pattern name.
"GET /virtual-company/create/ HTTP/1.1" 500 159157
Internal Server Error: /virtual-company/market/
Traceback (most recent call last):
  File "D:\TeknoFest Proje\FinAsis\venv\Lib\site-packages\django\core\handlers\exception.py", line 55, in inner
    response = get_response(request)
  File "D:\TeknoFest Proje\FinAsis\venv\Lib\site-packages\django\core\handlers\base.py", line 197, in _get_response
    response = wrapped_callback(request, *callback_args, **callback_kwargs)
  File "D:\TeknoFest Proje\FinAsis\venv\Lib\site-packages\django\contrib\auth\decorators.py", line 23, in _wrapper_view
    return view_func(request, *args, **kwargs)
  File "D:\TeknoFest Proje\FinAsis\virtual_company\views.py", line 18, in market
    return render(request, 'virtual_company/market.html')
  File "D:\TeknoFest Proje\FinAsis\venv\Lib\site-packages\django\shortcuts.py", line 25, in render
    content = loader.render_to_string(template_name, context, request, using=using)
  File "D:\TeknoFest Proje\FinAsis\venv\Lib\site-packages\django\template\loader.py", line 61, in render_to_string
    template = get_template(template_name, using=using)
  File "D:\TeknoFest Proje\FinAsis\venv\Lib\site-packages\django\template\loader.py", line 19, in get_template
    raise TemplateDoesNotExist(template_name, chain=chain)
django.template.exceptions.TemplateDoesNotExist: virtual_company/market.html
"GET /virtual-company/market/ HTTP/1.1" 500 93343
Internal Server Error: /ai-assistant/recommendations/
Traceback (most recent call last):
  File "D:\TeknoFest Proje\FinAsis\venv\Lib\site-packages\django\core\handlers\exception.py", line 55, in inner
    response = get_response(request)
  File "D:\TeknoFest Proje\FinAsis\venv\Lib\site-packages\django\core\handlers\base.py", line 197, in _get_response
    response = wrapped_callback(request, *callback_args, **callback_kwargs)
  File "D:\TeknoFest Proje\FinAsis\venv\Lib\site-packages\django\contrib\auth\decorators.py", line 23, in _wrapper_view
    return view_func(request, *args, **kwargs)
  File "D:\TeknoFest Proje\FinAsis\ai_assistant\views.py", line 20, in recommendations
    return render(request, 'ai_assistant/recommendations.html')
  File "D:\TeknoFest Proje\FinAsis\venv\Lib\site-packages\django\shortcuts.py", line 25, in render
    content = loader.render_to_string(template_name, context, request, using=using)
  File "D:\TeknoFest Proje\FinAsis\venv\Lib\site-packages\django\template\loader.py", line 61, in render_to_string
    template = get_template(template_name, using=using)
  File "D:\TeknoFest Proje\FinAsis\venv\Lib\site-packages\django\template\loader.py", line 19, in get_template
    raise TemplateDoesNotExist(template_name, chain=chain)
django.template.exceptions.TemplateDoesNotExist: ai_assistant/recommendations.html
"GET /ai-assistant/recommendations/ HTTP/1.1" 500 92948
Internal Server Error: /accounts/login/
Traceback (most recent call last):
  File "D:\TeknoFest Proje\FinAsis\venv\Lib\site-packages\django\core\handlers\exception.py", line 55, in inner
    response = get_response(request)
  File "D:\TeknoFest Proje\FinAsis\venv\Lib\site-packages\django\core\handlers\base.py", line 197, in _get_response
    response = wrapped_callback(request, *callback_args, **callback_kwargs)
  File "D:\TeknoFest Proje\FinAsis\accounts\views.py", line 40, in login_view
    return render(request, 'accounts/login.html')
  File "D:\TeknoFest Proje\FinAsis\venv\Lib\site-packages\django\shortcuts.py", line 25, in render
    content = loader.render_to_string(template_name, context, request, using=using)
  File "D:\TeknoFest Proje\FinAsis\venv\Lib\site-packages\django\template\loader.py", line 62, in render_to_string
    return template.render(context, request)
           ~~~~~~~~~~~~~~~^^^^^^^^^^^^^^^^^^
  File "D:\TeknoFest Proje\FinAsis\venv\Lib\site-packages\django\template\backends\django.py", line 61, in render
    return self.template.render(context)
           ~~~~~~~~~~~~~~~~~~~~^^^^^^^^^
  File "D:\TeknoFest Proje\FinAsis\venv\Lib\site-packages\django\template\base.py", line 171, in render
    return self._render(context)
           ~~~~~~~~~~~~^^^^^^^^^
  File "D:\TeknoFest Proje\FinAsis\venv\Lib\site-packages\django\template\base.py", line 163, in _render
    return self.nodelist.render(context)
           ~~~~~~~~~~~~~~~~~~~~^^^^^^^^^
  File "D:\TeknoFest Proje\FinAsis\venv\Lib\site-packages\django\template\base.py", line 1000, in render
    return SafeString("".join([node.render_annotated(context) for node in self]))
                               ~~~~~~~~~~~~~~~~~~~~~^^^^^^^^^
  File "D:\TeknoFest Proje\FinAsis\venv\Lib\site-packages\django\template\base.py", line 961, in render_annotated
    return self.render(context)
           ~~~~~~~~~~~^^^^^^^^^
  File "D:\TeknoFest Proje\FinAsis\venv\Lib\site-packages\django\template\loader_tags.py", line 159, in render
    return compiled_parent._render(context)
           ~~~~~~~~~~~~~~~~~~~~~~~^^^^^^^^^
  File "D:\TeknoFest Proje\FinAsis\venv\Lib\site-packages\django\template\base.py", line 163, in _render
    return self.nodelist.render(context)
           ~~~~~~~~~~~~~~~~~~~~^^^^^^^^^
  File "D:\TeknoFest Proje\FinAsis\venv\Lib\site-packages\django\template\base.py", line 1000, in render
    return SafeString("".join([node.render_annotated(context) for node in self]))
                               ~~~~~~~~~~~~~~~~~~~~~^^^^^^^^^
  File "D:\TeknoFest Proje\FinAsis\venv\Lib\site-packages\django\template\base.py", line 961, in render_annotated
    return self.render(context)
           ~~~~~~~~~~~^^^^^^^^^
  File "D:\TeknoFest Proje\FinAsis\venv\Lib\site-packages\django\template\loader_tags.py", line 65, in render
    result = block.nodelist.render(context)
  File "D:\TeknoFest Proje\FinAsis\venv\Lib\site-packages\django\template\base.py", line 1000, in render
    return SafeString("".join([node.render_annotated(context) for node in self]))
                               ~~~~~~~~~~~~~~~~~~~~~^^^^^^^^^
  File "D:\TeknoFest Proje\FinAsis\venv\Lib\site-packages\django\template\base.py", line 961, in render_annotated
    return self.render(context)
           ~~~~~~~~~~~^^^^^^^^^
  File "D:\TeknoFest Proje\FinAsis\venv\Lib\site-packages\django\template\defaulttags.py", line 479, in render
    url = reverse(view_name, args=args, kwargs=kwargs, current_app=current_app)
  File "D:\TeknoFest Proje\FinAsis\venv\Lib\site-packages\django\urls\base.py", line 88, in reverse
    return resolver._reverse_with_prefix(view, prefix, *args, **kwargs)
           ~~~~~~~~~~~~~~~~~~~~~~~~~~~~~^^^^^^^^^^^^^^^^^^^^^^^^^^^^^^^
  File "D:\TeknoFest Proje\FinAsis\venv\Lib\site-packages\django\urls\resolvers.py", line 851, in _reverse_with_prefix
    raise NoReverseMatch(msg)
django.urls.exceptions.NoReverseMatch: Reverse for 'register' not found. 'register' is not a valid view function or pattern name.
"GET /accounts/login/?next=/education/ HTTP/1.1" 500 153558
Internal Server Error: /accounts/login/
Traceback (most recent call last):
  File "D:\TeknoFest Proje\FinAsis\venv\Lib\site-packages\django\core\handlers\exception.py", line 55, in inner
    response = get_response(request)
  File "D:\TeknoFest Proje\FinAsis\venv\Lib\site-packages\django\core\handlers\base.py", line 197, in _get_response
    response = wrapped_callback(request, *callback_args, **callback_kwargs)
  File "D:\TeknoFest Proje\FinAsis\accounts\views.py", line 40, in login_view
    return render(request, 'accounts/login.html')
  File "D:\TeknoFest Proje\FinAsis\venv\Lib\site-packages\django\shortcuts.py", line 25, in render
    content = loader.render_to_string(template_name, context, request, using=using)
  File "D:\TeknoFest Proje\FinAsis\venv\Lib\site-packages\django\template\loader.py", line 62, in render_to_string
    return template.render(context, request)
           ~~~~~~~~~~~~~~~^^^^^^^^^^^^^^^^^^
  File "D:\TeknoFest Proje\FinAsis\venv\Lib\site-packages\django\template\backends\django.py", line 61, in render
    return self.template.render(context)
           ~~~~~~~~~~~~~~~~~~~~^^^^^^^^^
  File "D:\TeknoFest Proje\FinAsis\venv\Lib\site-packages\django\template\base.py", line 171, in render
    return self._render(context)
           ~~~~~~~~~~~~^^^^^^^^^
  File "D:\TeknoFest Proje\FinAsis\venv\Lib\site-packages\django\template\base.py", line 163, in _render
    return self.nodelist.render(context)
           ~~~~~~~~~~~~~~~~~~~~^^^^^^^^^
  File "D:\TeknoFest Proje\FinAsis\venv\Lib\site-packages\django\template\base.py", line 1000, in render
    return SafeString("".join([node.render_annotated(context) for node in self]))
                               ~~~~~~~~~~~~~~~~~~~~~^^^^^^^^^
  File "D:\TeknoFest Proje\FinAsis\venv\Lib\site-packages\django\template\base.py", line 961, in render_annotated
    return self.render(context)
           ~~~~~~~~~~~^^^^^^^^^
  File "D:\TeknoFest Proje\FinAsis\venv\Lib\site-packages\django\template\loader_tags.py", line 159, in render
    return compiled_parent._render(context)
           ~~~~~~~~~~~~~~~~~~~~~~~^^^^^^^^^
  File "D:\TeknoFest Proje\FinAsis\venv\Lib\site-packages\django\template\base.py", line 163, in _render
    return self.nodelist.render(context)
           ~~~~~~~~~~~~~~~~~~~~^^^^^^^^^
  File "D:\TeknoFest Proje\FinAsis\venv\Lib\site-packages\django\template\base.py", line 1000, in render
    return SafeString("".join([node.render_annotated(context) for node in self]))
                               ~~~~~~~~~~~~~~~~~~~~~^^^^^^^^^
  File "D:\TeknoFest Proje\FinAsis\venv\Lib\site-packages\django\template\base.py", line 961, in render_annotated
    return self.render(context)
           ~~~~~~~~~~~^^^^^^^^^
  File "D:\TeknoFest Proje\FinAsis\venv\Lib\site-packages\django\template\loader_tags.py", line 65, in render
    result = block.nodelist.render(context)
  File "D:\TeknoFest Proje\FinAsis\venv\Lib\site-packages\django\template\base.py", line 1000, in render
    return SafeString("".join([node.render_annotated(context) for node in self]))
                               ~~~~~~~~~~~~~~~~~~~~~^^^^^^^^^
  File "D:\TeknoFest Proje\FinAsis\venv\Lib\site-packages\django\template\base.py", line 961, in render_annotated
    return self.render(context)
           ~~~~~~~~~~~^^^^^^^^^
  File "D:\TeknoFest Proje\FinAsis\venv\Lib\site-packages\django\template\defaulttags.py", line 479, in render
    url = reverse(view_name, args=args, kwargs=kwargs, current_app=current_app)
  File "D:\TeknoFest Proje\FinAsis\venv\Lib\site-packages\django\urls\base.py", line 88, in reverse
    return resolver._reverse_with_prefix(view, prefix, *args, **kwargs)
           ~~~~~~~~~~~~~~~~~~~~~~~~~~~~~^^^^^^^^^^^^^^^^^^^^^^^^^^^^^^^
  File "D:\TeknoFest Proje\FinAsis\venv\Lib\site-packages\django\urls\resolvers.py", line 851, in _reverse_with_prefix
    raise NoReverseMatch(msg)
django.urls.exceptions.NoReverseMatch: Reverse for 'register' not found. 'register' is not a valid view function or pattern name.
"GET /accounts/login/?next=/ai-assistant/ HTTP/1.1" 500 153588
Internal Server Error: /games/
Traceback (most recent call last):
  File "D:\TeknoFest Proje\FinAsis\venv\Lib\site-packages\django\core\handlers\exception.py", line 55, in inner
    response = get_response(request)
  File "D:\TeknoFest Proje\FinAsis\venv\Lib\site-packages\django\core\handlers\base.py", line 197, in _get_response
    response = wrapped_callback(request, *callback_args, **callback_kwargs)
  File "D:\TeknoFest Proje\FinAsis\game_app\views.py", line 124, in welcome
    return render(request, 'game_app/welcome.html')
  File "D:\TeknoFest Proje\FinAsis\venv\Lib\site-packages\django\shortcuts.py", line 25, in render
    content = loader.render_to_string(template_name, context, request, using=using)
  File "D:\TeknoFest Proje\FinAsis\venv\Lib\site-packages\django\template\loader.py", line 61, in render_to_string
    template = get_template(template_name, using=using)
  File "D:\TeknoFest Proje\FinAsis\venv\Lib\site-packages\django\template\loader.py", line 19, in get_template
    raise TemplateDoesNotExist(template_name, chain=chain)
django.template.exceptions.TemplateDoesNotExist: game_app/welcome.html
"GET /games/ HTTP/1.1" 500 88139
Internal Server Error: /accounts/login/
Traceback (most recent call last):
  File "D:\TeknoFest Proje\FinAsis\venv\Lib\site-packages\django\core\handlers\exception.py", line 55, in inner
    response = get_response(request)
  File "D:\TeknoFest Proje\FinAsis\venv\Lib\site-packages\django\core\handlers\base.py", line 197, in _get_response
    response = wrapped_callback(request, *callback_args, **callback_kwargs)
  File "D:\TeknoFest Proje\FinAsis\accounts\views.py", line 40, in login_view
    return render(request, 'accounts/login.html')
  File "D:\TeknoFest Proje\FinAsis\venv\Lib\site-packages\django\shortcuts.py", line 25, in render
    content = loader.render_to_string(template_name, context, request, using=using)
  File "D:\TeknoFest Proje\FinAsis\venv\Lib\site-packages\django\template\loader.py", line 62, in render_to_string
    return template.render(context, request)
           ~~~~~~~~~~~~~~~^^^^^^^^^^^^^^^^^^
  File "D:\TeknoFest Proje\FinAsis\venv\Lib\site-packages\django\template\backends\django.py", line 61, in render
    return self.template.render(context)
           ~~~~~~~~~~~~~~~~~~~~^^^^^^^^^
  File "D:\TeknoFest Proje\FinAsis\venv\Lib\site-packages\django\template\base.py", line 171, in render
    return self._render(context)
           ~~~~~~~~~~~~^^^^^^^^^
  File "D:\TeknoFest Proje\FinAsis\venv\Lib\site-packages\django\template\base.py", line 163, in _render
    return self.nodelist.render(context)
           ~~~~~~~~~~~~~~~~~~~~^^^^^^^^^
  File "D:\TeknoFest Proje\FinAsis\venv\Lib\site-packages\django\template\base.py", line 1000, in render
    return SafeString("".join([node.render_annotated(context) for node in self]))
                               ~~~~~~~~~~~~~~~~~~~~~^^^^^^^^^
  File "D:\TeknoFest Proje\FinAsis\venv\Lib\site-packages\django\template\base.py", line 961, in render_annotated
    return self.render(context)
           ~~~~~~~~~~~^^^^^^^^^
  File "D:\TeknoFest Proje\FinAsis\venv\Lib\site-packages\django\template\loader_tags.py", line 159, in render
    return compiled_parent._render(context)
           ~~~~~~~~~~~~~~~~~~~~~~~^^^^^^^^^
  File "D:\TeknoFest Proje\FinAsis\venv\Lib\site-packages\django\template\base.py", line 163, in _render
    return self.nodelist.render(context)
           ~~~~~~~~~~~~~~~~~~~~^^^^^^^^^
  File "D:\TeknoFest Proje\FinAsis\venv\Lib\site-packages\django\template\base.py", line 1000, in render
    return SafeString("".join([node.render_annotated(context) for node in self]))
                               ~~~~~~~~~~~~~~~~~~~~~^^^^^^^^^
  File "D:\TeknoFest Proje\FinAsis\venv\Lib\site-packages\django\template\base.py", line 961, in render_annotated
    return self.render(context)
           ~~~~~~~~~~~^^^^^^^^^
  File "D:\TeknoFest Proje\FinAsis\venv\Lib\site-packages\django\template\loader_tags.py", line 65, in render
    result = block.nodelist.render(context)
  File "D:\TeknoFest Proje\FinAsis\venv\Lib\site-packages\django\template\base.py", line 1000, in render
    return SafeString("".join([node.render_annotated(context) for node in self]))
                               ~~~~~~~~~~~~~~~~~~~~~^^^^^^^^^
  File "D:\TeknoFest Proje\FinAsis\venv\Lib\site-packages\django\template\base.py", line 961, in render_annotated
    return self.render(context)
           ~~~~~~~~~~~^^^^^^^^^
  File "D:\TeknoFest Proje\FinAsis\venv\Lib\site-packages\django\template\defaulttags.py", line 479, in render
    url = reverse(view_name, args=args, kwargs=kwargs, current_app=current_app)
  File "D:\TeknoFest Proje\FinAsis\venv\Lib\site-packages\django\urls\base.py", line 88, in reverse
    return resolver._reverse_with_prefix(view, prefix, *args, **kwargs)
           ~~~~~~~~~~~~~~~~~~~~~~~~~~~~~^^^^^^^^^^^^^^^^^^^^^^^^^^^^^^^
  File "D:\TeknoFest Proje\FinAsis\venv\Lib\site-packages\django\urls\resolvers.py", line 851, in _reverse_with_prefix
    raise NoReverseMatch(msg)
django.urls.exceptions.NoReverseMatch: Reverse for 'register' not found. 'register' is not a valid view function or pattern name.
"GET /accounts/login/?next=/ai-assistant/ HTTP/1.1" 500 152989
ERROR 2025-04-09 22:50:47,078 basehttp 3988 8408 You're accessing the development server over HTTPS, but it only supports HTTP.
ERROR 2025-04-09 22:50:47,180 basehttp 3988 6448 You're accessing the development server over HTTPS, but it only supports HTTP.
ERROR 2025-04-09 22:50:47,546 basehttp 3988 9604 You're accessing the development server over HTTPS, but it only supports HTTP.
ERROR 2025-04-09 22:50:47,559 basehttp 3988 5552 You're accessing the development server over HTTPS, but it only supports HTTP.
ERROR 2025-04-09 22:52:38,375 basehttp 6916 6548 You're accessing the development server over HTTPS, but it only supports HTTP.
ERROR 2025-04-09 22:52:38,379 basehttp 6916 11312 You're accessing the development server over HTTPS, but it only supports HTTP.
ERROR 2025-04-09 22:52:55,287 basehttp 6916 5844 You're accessing the development server over HTTPS, but it only supports HTTP.
ERROR 2025-04-09 22:52:55,294 basehttp 6916 984 You're accessing the development server over HTTPS, but it only supports HTTP.
ERROR 2025-04-09 22:54:47,964 basehttp 11688 4140 You're accessing the development server over HTTPS, but it only supports HTTP.
ERROR 2025-04-09 22:54:48,007 basehttp 11688 9836 You're accessing the development server over HTTPS, but it only supports HTTP.
ERROR 2025-04-09 22:54:48,028 basehttp 11688 6888 You're accessing the development server over HTTPS, but it only supports HTTP.
ERROR 2025-04-09 22:54:48,037 basehttp 11688 10144 You're accessing the development server over HTTPS, but it only supports HTTP.
ERROR 2025-04-09 22:54:50,188 basehttp 11688 7476 You're accessing the development server over HTTPS, but it only supports HTTP.
ERROR 2025-04-09 22:54:50,190 basehttp 11688 3764 You're accessing the development server over HTTPS, but it only supports HTTP.
ERROR 2025-04-09 22:54:50,192 basehttp 11688 11328 You're accessing the development server over HTTPS, but it only supports HTTP.
ERROR 2025-04-09 22:54:50,194 basehttp 11688 1420 You're accessing the development server over HTTPS, but it only supports HTTP.
ERROR 2025-04-09 22:54:52,646 basehttp 11688 10384 You're accessing the development server over HTTPS, but it only supports HTTP.
ERROR 2025-04-09 22:54:52,660 basehttp 11688 9212 You're accessing the development server over HTTPS, but it only supports HTTP.
ERROR 2025-04-09 22:54:52,662 basehttp 11688 5720 You're accessing the development server over HTTPS, but it only supports HTTP.
ERROR 2025-04-09 22:54:52,664 basehttp 11688 7428 You're accessing the development server over HTTPS, but it only supports HTTP.
ERROR 2025-04-09 22:55:35,118 basehttp 11688 6784 You're accessing the development server over HTTPS, but it only supports HTTP.
ERROR 2025-04-09 22:55:35,371 basehttp 11688 8104 You're accessing the development server over HTTPS, but it only supports HTTP.
ERROR 2025-04-09 22:55:35,476 basehttp 11688 8628 You're accessing the development server over HTTPS, but it only supports HTTP.
ERROR 2025-04-09 22:55:35,524 basehttp 11688 10340 You're accessing the development server over HTTPS, but it only supports HTTP.
ERROR 2025-04-09 22:55:42,190 basehttp 11688 11712 You're accessing the development server over HTTPS, but it only supports HTTP.
ERROR 2025-04-09 22:55:42,200 basehttp 11688 11960 You're accessing the development server over HTTPS, but it only supports HTTP.
ERROR 2025-04-09 22:57:50,735 basehttp 12100 124 You're accessing the development server over HTTPS, but it only supports HTTP.
ERROR 2025-04-09 22:57:50,766 basehttp 12100 8052 You're accessing the development server over HTTPS, but it only supports HTTP.
